
Connected to: Oracle Database 11g Express Edition Release 11.2.0.2.0 - Production
Export done in WE8MSWIN1252 character set and AL16UTF16 NCHAR character set
server uses AL32UTF8 character set (possible charset conversion)

About to export specified users ...
. exporting pre-schema procedural objects and actions
. exporting foreign function library names for user HR 
. exporting PUBLIC type synonyms
. exporting private type synonyms
. exporting object type definitions for user HR 
About to export HR's objects ...
. exporting database links
. exporting sequence numbers
. exporting cluster definitions
. about to export HR's tables via Conventional Path ...
. . exporting table                      COUNTRIES         25 rows exported
. . exporting table                    DEPARTMENTS         27 rows exported
. . exporting table                      EMPLOYEES        107 rows exported
. . exporting table                    JOB_HISTORY         10 rows exported
. . exporting table                           JOBS         19 rows exported
. . exporting table                      LOCATIONS         23 rows exported
. . exporting table                        REGIONS          4 rows exported
. exporting synonyms
. exporting views
. exporting stored procedures
. exporting operators
. exporting referential integrity constraints
. exporting triggers
. exporting indextypes
. exporting bitmap, functional and extensible indexes
. exporting posttables actions
. exporting materialized views
. exporting snapshot logs
. exporting job queues
. exporting refresh groups and children
. exporting dimensions
. exporting post-schema procedural objects and actions
. exporting statistics
Export terminated successfully without warnings.
