Sube------------------------------- 
05/09/2017 
19:27
Error de sistema 5.

Acceso denegado.

------------------------------- 
Sube------------------------------- 
05/09/2017 
19:28
El servicio solicitado ya ha sido iniciado.

Puede obtener m s ayuda con el comando NET HELPMSG 2182.

------------------------------- 
Baja------------------------------- 
05/09/2017 
19:28
El servicio de OracleServiceXE est  deteni‚ndose...
El servicio de OracleServiceXE se detuvo correctamente.

------------------------------- 
Baja------------------------------- 
05/09/2017 
20:50
Error de sistema 5.

Acceso denegado.

------------------------------- 
Baja------------------------------- 
05/09/2017 
20:51
Error de sistema 5.

Acceso denegado.

------------------------------- 
Baja------------------------------- 
05/09/2017 
20:51
El servicio de OracleServiceXE est  deteni‚ndose......
El servicio de OracleServiceXE se detuvo correctamente.

------------------------------- 
