
Connected to: Oracle Database 11g Express Edition Release 11.2.0.2.0 - Production
Export done in WE8MSWIN1252 character set and AL16UTF16 NCHAR character set
server uses AL32UTF8 character set (possible charset conversion)
Note: table data (rows) will not be exported

About to export the entire database ...
. exporting tablespace definitions
. exporting profiles
. exporting user definitions
. exporting roles
. exporting resource costs
. exporting rollback segment definitions
. exporting database links
. exporting sequence numbers
. exporting directory aliases
. exporting context namespaces
. exporting foreign function library names
. exporting PUBLIC type synonyms
. exporting private type synonyms
. exporting object type definitions
. exporting system procedural objects and actions
. exporting pre-schema procedural objects and actions
. exporting cluster definitions
. about to export SYSTEM's tables via Conventional Path ...
. . exporting table                    DEF$_AQCALL
. . exporting table                   DEF$_AQERROR
. . exporting table                  DEF$_CALLDEST
. . exporting table               DEF$_DEFAULTDEST
. . exporting table               DEF$_DESTINATION
. . exporting table                     DEF$_ERROR
. . exporting table                       DEF$_LOB
. . exporting table                    DEF$_ORIGIN
. . exporting table                DEF$_PROPAGATOR
. . exporting table       DEF$_PUSHED_TRANSACTIONS
. . exporting table                            OL$
. . exporting table                       OL$HINTS
. . exporting table                       OL$NODES
. . exporting table        REPCAT$_AUDIT_ATTRIBUTE
. . exporting table           REPCAT$_AUDIT_COLUMN
. . exporting table           REPCAT$_COLUMN_GROUP
. . exporting table               REPCAT$_CONFLICT
. . exporting table                    REPCAT$_DDL
. . exporting table             REPCAT$_EXCEPTIONS
. . exporting table              REPCAT$_EXTENSION
. . exporting table         REPCAT$_FLAVOR_OBJECTS
. . exporting table                REPCAT$_FLAVORS
. . exporting table              REPCAT$_GENERATED
. . exporting table         REPCAT$_GROUPED_COLUMN
. . exporting table      REPCAT$_INSTANTIATION_DDL
. . exporting table            REPCAT$_KEY_COLUMNS
. . exporting table           REPCAT$_OBJECT_PARMS
. . exporting table           REPCAT$_OBJECT_TYPES
. . exporting table       REPCAT$_PARAMETER_COLUMN
. . exporting table               REPCAT$_PRIORITY
. . exporting table         REPCAT$_PRIORITY_GROUP
. . exporting table      REPCAT$_REFRESH_TEMPLATES
. . exporting table                 REPCAT$_REPCAT
. . exporting table              REPCAT$_REPCATLOG
. . exporting table              REPCAT$_REPCOLUMN
. . exporting table         REPCAT$_REPGROUP_PRIVS
. . exporting table              REPCAT$_REPOBJECT
. . exporting table                REPCAT$_REPPROP
. . exporting table              REPCAT$_REPSCHEMA
. . exporting table    REPCAT$_RESOL_STATS_CONTROL
. . exporting table             REPCAT$_RESOLUTION
. . exporting table      REPCAT$_RESOLUTION_METHOD
. . exporting table  REPCAT$_RESOLUTION_STATISTICS
. . exporting table          REPCAT$_RUNTIME_PARMS
. . exporting table           REPCAT$_SITE_OBJECTS
. . exporting table              REPCAT$_SITES_NEW
. . exporting table              REPCAT$_SNAPGROUP
. . exporting table       REPCAT$_TEMPLATE_OBJECTS
. . exporting table         REPCAT$_TEMPLATE_PARMS
. . exporting table     REPCAT$_TEMPLATE_REFGROUPS
. . exporting table         REPCAT$_TEMPLATE_SITES
. . exporting table        REPCAT$_TEMPLATE_STATUS
. . exporting table       REPCAT$_TEMPLATE_TARGETS
. . exporting table         REPCAT$_TEMPLATE_TYPES
. . exporting table    REPCAT$_USER_AUTHORIZATIONS
. . exporting table       REPCAT$_USER_PARM_VALUES
. . exporting table        SQLPLUS_PRODUCT_PROFILE
. about to export OUTLN's tables via Conventional Path ...
. . exporting table                            OL$
. . exporting table                       OL$HINTS
. . exporting table                       OL$NODES
. about to export HR's tables via Conventional Path ...
. . exporting table                      COUNTRIES
. . exporting table                    DEPARTMENTS
. . exporting table                      EMPLOYEES
. . exporting table                    JOB_HISTORY
. . exporting table                           JOBS
. . exporting table                      LOCATIONS
. . exporting table                        REGIONS
. about to export FLOWS_FILES's tables via Conventional Path ...
. . exporting table         WWV_FLOW_FILE_OBJECTS$
. about to export APEX_PUBLIC_USER's tables via Conventional Path ...
. about to export APEX_040000's tables via Conventional Path ...
. . exporting table                      APEX$_ACL
. . exporting table                 APEX$_WS_FILES
. . exporting table               APEX$_WS_HISTORY
. . exporting table                 APEX$_WS_LINKS
. . exporting table                 APEX$_WS_NOTES
. . exporting table                  APEX$_WS_ROWS
. . exporting table                  APEX$_WS_TAGS
. . exporting table APEX$_WS_WEBPG_SECTION_HISTORY
. . exporting table        APEX$_WS_WEBPG_SECTIONS
. . exporting table          WWV_COLUMN_EXCEPTIONS
. . exporting table                  WWV_DEMO_DEPT
EXP-00107: Feature (BINARY XML) of column BUDGET in table APEX_040000.WWV_DEMO_DEPT is not supported. The table will not be exported.
. . exporting table                   WWV_DEMO_EMP
. . exporting table  WWV_FLOW_ACTIVITY_LOG_NUMBER$
. . exporting table        WWV_FLOW_ACTIVITY_LOG1$
. . exporting table        WWV_FLOW_ACTIVITY_LOG2$
. . exporting table    WWV_FLOW_ADVISOR_CATEGORIES
. . exporting table    WWV_FLOW_ADVISOR_CHECK_MSGS
. . exporting table        WWV_FLOW_ADVISOR_CHECKS
. . exporting table     WWV_FLOW_ALT_CONFIG_DETAIL
. . exporting table       WWV_FLOW_ALT_CONFIG_PICK
. . exporting table      WWV_FLOW_ALTERNATE_CONFIG
. . exporting table        WWV_FLOW_APP_BUILD_PREF
. . exporting table          WWV_FLOW_APP_COMMENTS
. . exporting table    WWV_FLOW_APPLICATION_GROUPS
. . exporting table       WWV_FLOW_AUTHORIZED_URLS
. . exporting table                WWV_FLOW_BANNER
. . exporting table                  WWV_FLOW_BUGS
. . exporting table   WWV_FLOW_BUILDER_AUDIT_TRAIL
. . exporting table      WWV_FLOW_BUTTON_TEMPLATES
. . exporting table                  WWV_FLOW_CALS
. . exporting table         WWV_FLOW_CAL_TEMPLATES
. . exporting table              WWV_FLOW_CHARSETS
. . exporting table        WWV_FLOW_CLICKTHRU_LOG$
. . exporting table WWV_FLOW_CLICKTHRU_LOG_NUMBER$
. . exporting table       WWV_FLOW_CLICKTHRU_LOG2$
. . exporting table   WWV_FLOW_COLLECTION_MEMBERS$
EXP-00107: Feature (BINARY XML) of column XMLTYPE001 in table APEX_040000.WWV_FLOW_COLLECTION_MEMBERS$ is not supported. The table will not be exported.
. . exporting table          WWV_FLOW_COLLECTIONS$
. . exporting table             WWV_FLOW_COMPANIES
. . exporting table       WWV_FLOW_COMPANY_SCHEMAS
. . exporting table         WWV_FLOW_COMPANY_TYPES
. . exporting table   WWV_FLOW_COMPOUND_CONDITIONS
. . exporting table          WWV_FLOW_COMPUTATIONS
. . exporting table             WWV_FLOW_COUNTRIES
. . exporting table        WWV_FLOW_CSS_REPOSITORY
. . exporting table    WWV_FLOW_CUSTOM_AUTH_SETUPS
. . exporting table      WWV_FLOW_CUSTOMIZED_TASKS
. . exporting table                  WWV_FLOW_DATA
. . exporting table     WWV_FLOW_DATA_LOAD_BAD_LOG
. . exporting table      WWV_FLOW_DATA_LOAD_UNLOAD
. . exporting table               WWV_FLOW_DB_AUTH
. . exporting table                 WWV_FLOW_DEBUG
. . exporting table        WWV_FLOW_DEBUG_MESSAGES
. . exporting table       WWV_FLOW_DEBUG_MESSAGES2
. . exporting table         WWV_FLOW_DEVELOPER_LOG
. . exporting table       WWV_FLOW_DEVELOPER_ROLES
. . exporting table            WWV_FLOW_DEVELOPERS
. . exporting table      WWV_FLOW_DICTIONARY_VIEWS
. . exporting table               WWV_FLOW_DUAL100
. . exporting table WWV_FLOW_DYNAMIC_TRANSLATIONS$
. . exporting table  WWV_FLOW_EFFECTIVE_USERID_MAP
. . exporting table      WWV_FLOW_ENTRY_POINT_ARGS
. . exporting table          WWV_FLOW_ENTRY_POINTS
. . exporting table                WWV_FLOW_EVENTS
. . exporting table       WWV_FLOW_FEATURE_HISTORY
. . exporting table      WWV_FLOW_FEATURE_PROGRESS
. . exporting table              WWV_FLOW_FEATURES
. . exporting table              WWV_FLOW_FEEDBACK
. . exporting table     WWV_FLOW_FEEDBACK_FOLLOWUP
. . exporting table       WWV_FLOW_FIELD_TEMPLATES
. . exporting table     WWV_FLOW_FILE_OBJECTS$PART
. . exporting table          WWV_FLOW_FLASH_CHARTS
. . exporting table    WWV_FLOW_FLASH_CHART_SERIES
. . exporting table        WWV_FLOW_FLASH_CHARTS_5
. . exporting table   WWV_FLOW_FLASH_CHARTS_5_DASH
. . exporting table   WWV_FLOW_FLASH_CHART5_SERIES
. . exporting table       WWV_FLOW_FLASH_MAP_FILES
. . exporting table     WWV_FLOW_FLASH_MAP_FOLDERS
. . exporting table     WWV_FLOW_FLASH_MAP_REGIONS
. . exporting table       WWV_FLOW_FND_GROUP_USERS
. . exporting table              WWV_FLOW_FND_USER
. . exporting table       WWV_FLOW_FND_USER_GROUPS
. . exporting table     WWV_FLOW_HNT_ARGUMENT_INFO
. . exporting table      WWV_FLOW_HNT_COL_DICT_SYN
. . exporting table       WWV_FLOW_HNT_COLUMN_DICT
. . exporting table       WWV_FLOW_HNT_COLUMN_INFO
. . exporting table            WWV_FLOW_HNT_GROUPS
. . exporting table          WWV_FLOW_HNT_LOV_DATA
. . exporting table    WWV_FLOW_HNT_PROCEDURE_INFO
. . exporting table        WWV_FLOW_HNT_TABLE_INFO
. . exporting table       WWV_FLOW_HTML_REPOSITORY
. . exporting table              WWV_FLOW_ICON_BAR
. . exporting table   WWV_FLOW_ICON_BAR_ATTRIBUTES
. . exporting table      WWV_FLOW_IMAGE_REPOSITORY
. . exporting table         WWV_FLOW_IMPORT_EXPORT
. . exporting table               WWV_FLOW_INSTALL
. . exporting table     WWV_FLOW_INSTALL_BUILD_OPT
. . exporting table        WWV_FLOW_INSTALL_CHECKS
. . exporting table       WWV_FLOW_INSTALL_SCRIPTS
. . exporting table                 WWV_FLOW_ITEMS
. . exporting table       WWV_FLOW_JOB_BIND_VALUES
. . exporting table                  WWV_FLOW_JOBS
. . exporting table          WWV_FLOW_LANGUAGE_MAP
. . exporting table             WWV_FLOW_LANGUAGES
. . exporting table                 WWV_FLOW_LINKS
. . exporting table            WWV_FLOW_LIST_ITEMS
. . exporting table   WWV_FLOW_LIST_OF_VALUES_DATA
. . exporting table                 WWV_FLOW_LISTS
. . exporting table      WWV_FLOW_LISTS_OF_VALUES$
. . exporting table        WWV_FLOW_LIST_TEMPLATES
. . exporting table             WWV_FLOW_LOCK_PAGE
. . exporting table         WWV_FLOW_LOCK_PAGE_LOG
. . exporting table           WWV_FLOW_LOG_HISTORY
. . exporting table              WWV_FLOW_LOV_TEMP
. . exporting table            WWV_FLOW_LOV_VALUES
. . exporting table      WWV_FLOW_MAIL_ATTACHMENTS
. . exporting table              WWV_FLOW_MAIL_LOG
. . exporting table            WWV_FLOW_MAIL_QUEUE
. . exporting table          WWV_FLOW_MENU_OPTIONS
. . exporting table                 WWV_FLOW_MENUS
. . exporting table        WWV_FLOW_MENU_TEMPLATES
. . exporting table             WWV_FLOW_MESSAGES$
. . exporting table       WWV_FLOW_MODEL_PAGE_COLS
. . exporting table    WWV_FLOW_MODEL_PAGE_REGIONS
. . exporting table           WWV_FLOW_MODEL_PAGES
. . exporting table                WWV_FLOW_MODELS
. . exporting table                  WWV_FLOW_NEWS
. . exporting table           WWV_FLOW_ONLINE_HELP
. . exporting table        WWV_FLOW_ONLINE_HELP_JA
. . exporting table            WWV_FLOW_PAGE_CACHE
. . exporting table       WWV_FLOW_PAGE_CODE_CACHE
. . exporting table       WWV_FLOW_PAGE_DA_ACTIONS
. . exporting table        WWV_FLOW_PAGE_DA_EVENTS
. . exporting table     WWV_FLOW_PAGE_GENERIC_ATTR
. . exporting table           WWV_FLOW_PAGE_GROUPS
. . exporting table            WWV_FLOW_PAGE_PLUGS
. . exporting table   WWV_FLOW_PAGE_PLUG_TEMPLATES
. . exporting table        WWV_FLOW_PAGES_RESERVED
. . exporting table      WWV_FLOW_PAGE_SUBMISSIONS
. . exporting table      WWV_FLOW_PASSWORD_HISTORY
. . exporting table               WWV_FLOW_PATCHES
. . exporting table    WWV_FLOW_PICK_DATABASE_SIZE
. . exporting table        WWV_FLOW_PICK_END_USERS
. . exporting table       WWV_FLOW_PICK_PAGE_VIEWS
. . exporting table         WWV_FLOW_PLATFORM_PREF
. . exporting table        WWV_FLOW_PLATFORM_PREFS
. . exporting table     WWV_FLOW_PLUGIN_ATTRIBUTES
. . exporting table    WWV_FLOW_PLUGIN_ATTR_VALUES
. . exporting table         WWV_FLOW_PLUGIN_EVENTS
. . exporting table          WWV_FLOW_PLUGIN_FILES
. . exporting table               WWV_FLOW_PLUGINS
. . exporting table    WWV_FLOW_POPUP_LOV_TEMPLATE
. . exporting table          WWV_FLOW_PREFERENCES$
. . exporting table            WWV_FLOW_PROCESSING
. . exporting table     WWV_FLOW_PROVISION_COMPANY
. . exporting table  WWV_FLOW_PROVISION_SERICE_MOD
. . exporting table      WWV_FLOW_PURGED_SESSIONS$
. . exporting table         WWV_FLOW_QB_SAVED_COND
. . exporting table         WWV_FLOW_QB_SAVED_JOIN
. . exporting table        WWV_FLOW_QB_SAVED_QUERY
. . exporting table         WWV_FLOW_QB_SAVED_TABS
. . exporting table          WWV_FLOW_QUERY_COLUMN
. . exporting table       WWV_FLOW_QUERY_CONDITION
. . exporting table      WWV_FLOW_QUERY_DEFINITION
. . exporting table          WWV_FLOW_QUERY_OBJECT
. . exporting table         WWV_FLOW_RANDOM_IMAGES
. . exporting table WWV_FLOW_REGION_CHART_SER_ATTR
. . exporting table  WWV_FLOW_REGION_REPORT_COLUMN
. . exporting table  WWV_FLOW_REGION_REPORT_FILTER
. . exporting table   WWV_FLOW_REGION_UPD_RPT_COLS
. . exporting table        WWV_FLOW_REPORT_LAYOUTS
. . exporting table WWV_FLOW_REQUEST_VERIFICATIONS
. . exporting table        WWV_FLOW_REQUIRED_ROLES
. . exporting table    WWV_FLOW_RESTRICTED_SCHEMAS
. . exporting table         WWV_FLOW_ROW_TEMPLATES
. . exporting table    WWV_FLOW_RSCHEMA_EXCEPTIONS
. . exporting table                      WWV_FLOWS
. . exporting table              WWV_FLOW_SC_TRANS
. . exporting table      WWV_FLOW_SECURITY_SCHEMES
. . exporting table             WWV_FLOW_SESSIONS$
. . exporting table  WWV_FLOW_SHARED_QRY_SQL_STMTS
. . exporting table        WWV_FLOW_SHARED_QUERIES
. . exporting table   WWV_FLOW_SHARED_WEB_SERVICES
. . exporting table             WWV_FLOW_SHORTCUTS
. . exporting table    WWV_FLOW_SHORTCUT_USAGE_MAP
. . exporting table             WWV_FLOWS_RESERVED
. . exporting table          WWV_FLOW_STANDARD_CSS
. . exporting table       WWV_FLOW_STANDARD_EVENTS
. . exporting table        WWV_FLOW_STANDARD_ICONS
. . exporting table   WWV_FLOW_STANDARD_ITEM_TYPES
. . exporting table           WWV_FLOW_STANDARD_JS
. . exporting table      WWV_FLOW_STEP_BRANCH_ARGS
. . exporting table         WWV_FLOW_STEP_BRANCHES
. . exporting table          WWV_FLOW_STEP_BUTTONS
. . exporting table     WWV_FLOW_STEP_COMPUTATIONS
. . exporting table        WWV_FLOW_STEP_ITEM_HELP
. . exporting table            WWV_FLOW_STEP_ITEMS
. . exporting table       WWV_FLOW_STEP_PROCESSING
. . exporting table                 WWV_FLOW_STEPS
. . exporting table      WWV_FLOW_STEP_VALIDATIONS
. . exporting table              WWV_FLOW_SW_BINDS
. . exporting table    WWV_FLOW_SW_CREATE_KEYWORDS
. . exporting table     WWV_FLOW_SW_DETAIL_RESULTS
. . exporting table      WWV_FLOW_SW_MAIN_KEYWORDS
. . exporting table            WWV_FLOW_SW_RESULTS
. . exporting table       WWV_FLOW_SW_SET_KEYWORDS
. . exporting table           WWV_FLOW_SW_SQL_CMDS
. . exporting table        WWV_FLOW_SW_SQLPLUS_CMD
. . exporting table              WWV_FLOW_SW_STMTS
. . exporting table                  WWV_FLOW_TABS
. . exporting table         WWV_FLOW_TASK_DEFAULTS
. . exporting table         WWV_FLOW_TASK_PROGRESS
. . exporting table                 WWV_FLOW_TASKS
. . exporting table     WWV_FLOW_TEAMDEV_TAG_CLOUD
. . exporting table            WWV_FLOW_TEAM_FILES
. . exporting table             WWV_FLOW_TEAM_TAGS
. . exporting table  WWV_FLOW_TEMPLATE_PREFERENCES
. . exporting table             WWV_FLOW_TEMPLATES
. . exporting table            WWV_FLOW_TEMPLATES$
. . exporting table      WWV_FLOW_TEMPLATE_THEMES$
. . exporting table            WWV_FLOW_TEMP_TABLE
. . exporting table            WWV_FLOW_TEMP_TREES
. . exporting table                WWV_FLOW_THEMES
. . exporting table         WWV_FLOW_TOPLEVEL_TABS
. . exporting table    WWV_FLOW_TRANSLATABLE_COLS$
. . exporting table    WWV_FLOW_TRANSLATABLE_TEXT$
. . exporting table          WWV_FLOW_TREE_REGIONS
. . exporting table                 WWV_FLOW_TREES
. . exporting table            WWV_FLOW_TREE_STATE
. . exporting table  WWV_FLOW_UPG_COL_NAME_CHANGES
. . exporting table      WWV_FLOW_UPGRADE_PROGRESS
. . exporting table  WWV_FLOW_UPG_TAB_NAME_CHANGES
. . exporting table      WWV_FLOW_UPG_TAB_OBSOLETE
. . exporting table  WWV_FLOW_USER_ACCESS_LOG_NUM$
. . exporting table     WWV_FLOW_USER_ACCESS_LOG1$
. . exporting table     WWV_FLOW_USER_ACCESS_LOG2$
. . exporting table           WWV_FLOW_VALIDATIONS
. . exporting table              WWV_FLOW_VERSION$
. . exporting table  WWV_FLOW_WORKSHEET_CATEGORIES
. . exporting table  WWV_FLOW_WORKSHEET_COL_GROUPS
. . exporting table     WWV_FLOW_WORKSHEET_COLUMNS
. . exporting table WWV_FLOW_WORKSHEET_COMPUTATION
. . exporting table  WWV_FLOW_WORKSHEET_CONDITIONS
. . exporting table    WWV_FLOW_WORKSHEET_GEOCACHE
. . exporting table    WWV_FLOW_WORKSHEET_GROUP_BY
. . exporting table WWV_FLOW_WORKSHEET_LOV_ENTRIES
. . exporting table        WWV_FLOW_WORKSHEET_LOVS
. . exporting table      WWV_FLOW_WORKSHEET_NOTIFY
. . exporting table        WWV_FLOW_WORKSHEET_RPTS
. . exporting table            WWV_FLOW_WORKSHEETS
. . exporting table    WWV_FLOW_WORKSPACE_REQ_SIZE
. . exporting table     WWV_FLOW_WORKSPACE_SUMMARY
. . exporting table       WWV_FLOW_WS_APPLICATIONS
. . exporting table    WWV_FLOW_WS_APP_SUG_OBJECTS
. . exporting table    WWV_FLOW_WS_COL_VALIDATIONS
. . exporting table        WWV_FLOW_WS_CONSTRAINTS
. . exporting table WWV_FLOW_WS_CUSTOM_AUTH_SETUPS
. . exporting table        WWV_FLOW_WS_IND_COLUMNS
. . exporting table            WWV_FLOW_WS_INDEXES
. . exporting table         WWV_FLOW_WS_OPERATIONS
. . exporting table         WWV_FLOW_WS_PARAMETERS
. . exporting table  WWV_FLOW_WS_PROCESS_PARMS_MAP
. . exporting table        WWV_FLOW_WS_TAB_COLUMNS
. . exporting table             WWV_FLOW_WS_TABLES
. . exporting table           WWV_FLOW_WS_TRIGGERS
. . exporting table           WWV_FLOW_WS_WEBPAGES
. . exporting table      WWV_FLOW_WS_WEBSHEET_ATTR
. . exporting table            WWV_MIG_ACC_COLUMNS
. . exporting table                 WWV_MIG_ACCESS
. . exporting table              WWV_MIG_ACC_FORMS
. . exporting table     WWV_MIG_ACC_FORMS_CONTROLS
. . exporting table      WWV_MIG_ACC_FORMS_MODULES
. . exporting table         WWV_MIG_ACC_FORMS_PERM
. . exporting table             WWV_MIG_ACC_GROUPS
. . exporting table        WWV_MIG_ACC_GRPSMEMBERS
. . exporting table            WWV_MIG_ACC_INDEXES
. . exporting table       WWV_MIG_ACC_INDEXES_COLS
. . exporting table            WWV_MIG_ACC_MODULES
. . exporting table       WWV_MIG_ACC_MODULES_PERM
. . exporting table              WWV_MIG_ACC_PAGES
. . exporting table            WWV_MIG_ACC_QUERIES
. . exporting table      WWV_MIG_ACC_RELATION_COLS
. . exporting table          WWV_MIG_ACC_RELATIONS
. . exporting table            WWV_MIG_ACC_REPORTS
. . exporting table          WWV_MIG_ACC_RPT_PERMS
. . exporting table      WWV_MIG_ACC_RPTS_CONTROLS
. . exporting table       WWV_MIG_ACC_RPTS_MODULES
. . exporting table             WWV_MIG_ACC_TABLES
. . exporting table           WWV_MIG_ACC_TAB_PERM
. . exporting table              WWV_MIG_ACC_USERS
. . exporting table               WWV_MIG_EXPORTER
. . exporting table                  WWV_MIG_FORMS
EXP-00107: Feature (BINARY XML) of column XML_CONTENT in table APEX_040000.WWV_MIG_FORMS is not supported. The table will not be exported.
. . exporting table             WWV_MIG_FRM_ALERTS
. . exporting table    WWV_MIG_FRM_ATTACHEDLIBRARY
. . exporting table            WWV_MIG_FRM_BLK_DSA
. . exporting table            WWV_MIG_FRM_BLK_DSC
. . exporting table       WWV_MIG_FRM_BLK_ITEM_LIE
. . exporting table     WWV_MIG_FRM_BLK_ITEM_RADIO
. . exporting table          WWV_MIG_FRM_BLK_ITEMS
. . exporting table  WWV_MIG_FRM_BLK_ITEM_TRIGGERS
. . exporting table      WWV_MIG_FRM_BLK_RELATIONS
. . exporting table       WWV_MIG_FRM_BLK_TRIGGERS
. . exporting table             WWV_MIG_FRM_BLOCKS
. . exporting table             WWV_MIG_FRM_CANVAS
. . exporting table  WWV_MIG_FRM_CNVG_COMPOUNDTEXT
. . exporting table      WWV_MIG_FRM_CNVS_GRAPHICS
. . exporting table       WWV_MIG_FRM_CNVS_TABPAGE
. . exporting table        WWV_MIG_FRM_COORDINATES
. . exporting table WWV_MIG_FRM_CPDTXT_TEXTSEGMENT
. . exporting table             WWV_MIG_FRM_EDITOR
. . exporting table           WWV_MIG_FRM_FMB_MENU
. . exporting table  WWV_MIG_FRM_FMB_MENUITEM_ROLE
. . exporting table  WWV_MIG_FRM_FMB_MENU_MENUITEM
. . exporting table        WWV_MIG_FRM_FORMMODULES
. . exporting table                WWV_MIG_FRM_LOV
. . exporting table   WWV_MIG_FRM_LOVCOLUMNMAPPING
. . exporting table               WWV_MIG_FRM_MENU
. . exporting table      WWV_MIG_FRM_MENUITEM_ROLE
. . exporting table      WWV_MIG_FRM_MENU_MENUITEM
. . exporting table              WWV_MIG_FRM_MENUS
EXP-00107: Feature (BINARY XML) of column XML_CONTENT in table APEX_040000.WWV_MIG_FRM_MENUS is not supported. The table will not be exported.
. . exporting table  WWV_MIG_FRM_MENUS_MENUMODULES
. . exporting table   WWV_MIG_FRM_MENUSMODULEROLES
. . exporting table      WWV_MIG_FRM_MENUS_MODULES
. . exporting table  WWV_MIG_FRM_MENUS_PROGRAMUNIT
. . exporting table    WWV_MIG_FRM_MODULEPARAMETER
. . exporting table            WWV_MIG_FRM_MODULES
. . exporting table        WWV_MIG_FRM_OBJECTGROUP
. . exporting table   WWV_MIG_FRM_OBJECTGROUPCHILD
. . exporting table WWV_MIG_FRM_OLB_XMLTAGTABLEMAP
. . exporting table        WWV_MIG_FRM_PROGRAMUNIT
. . exporting table      WWV_MIG_FRM_PROPERTYCLASS
. . exporting table  WWV_MIG_FRM_RECORDGROUPCOLUMN
. . exporting table       WWV_MIG_FRM_RECORDGROUPS
. . exporting table             WWV_MIG_FRM_REPORT
. . exporting table       WWV_MIG_FRM_REV_APEX_APP
. . exporting table      WWV_MIG_FRM_REV_BLK_ITEMS
. . exporting table         WWV_MIG_FRM_REV_BLOCKS
. . exporting table    WWV_MIG_FRM_REV_FORMMODULES
. . exporting table            WWV_MIG_FRM_REV_LOV
. . exporting table     WWV_MIG_FRM_REV_LOVCOLMAPS
. . exporting table           WWV_MIG_FRM_TRIGGERS
. . exporting table   WWV_MIG_FRM_VISUALATTRIBUTES
. . exporting table            WWV_MIG_FRM_WINDOWS
. . exporting table     WWV_MIG_FRM_XMLTAGTABLEMAP
. . exporting table WWV_MIG_GENERATED_APPLICATIONS
. . exporting table    WWV_MIG_MENU_XMLTAGTABLEMAP
. . exporting table                    WWV_MIG_OLB
EXP-00107: Feature (BINARY XML) of column XML_CONTENT in table APEX_040000.WWV_MIG_OLB is not supported. The table will not be exported.
. . exporting table  WWV_MIG_OLB_BLK_DATASOURCECOL
. . exporting table           WWV_MIG_OLB_BLK_ITEM
. . exporting table       WWV_MIG_OLB_BLK_ITEM_LIE
. . exporting table   WWV_MIG_OLB_BLK_ITEM_TRIGGER
. . exporting table        WWV_MIG_OLB_BLK_TRIGGER
. . exporting table              WWV_MIG_OLB_BLOCK
. . exporting table             WWV_MIG_OLB_CANVAS
. . exporting table    WWV_MIG_OLB_CG_COMPOUNDTEXT
. . exporting table  WWV_MIG_OLB_CG_CT_TEXTSEGMENT
. . exporting table      WWV_MIG_OLB_CNVS_GRAPHICS
. . exporting table            WWV_MIG_OLB_MODULES
. . exporting table      WWV_MIG_OLB_OBJECTLIBRARY
. . exporting table   WWV_MIG_OLB_OBJECTLIBRARYTAB
. . exporting table          WWV_MIG_OLB_OLT_ALERT
. . exporting table       WWV_MIG_OLB_OLT_BLK_ITEM
. . exporting table WWV_MIG_OLB_OLT_BLK_ITEM_TRIGR
. . exporting table          WWV_MIG_OLB_OLT_BLOCK
. . exporting table         WWV_MIG_OLB_OLT_CANVAS
. . exporting table  WWV_MIG_OLB_OLT_CNVS_GRAPHICS
. . exporting table       WWV_MIG_OLB_OLT_GRAPHICS
. . exporting table           WWV_MIG_OLB_OLT_ITEM
. . exporting table           WWV_MIG_OLB_OLT_MENU
. . exporting table  WWV_MIG_OLB_OLT_MENU_MENUITEM
. . exporting table    WWV_MIG_OLB_OLT_OBJECTGROUP
. . exporting table WWV_MIG_OLB_OLT_OB_OBJGRPCHILD
. . exporting table         WWV_MIG_OLB_OLT_REPORT
. . exporting table        WWV_MIG_OLB_OLT_TABPAGE
. . exporting table WWV_MIG_OLB_OLT_TABPG_GRAPHICS
. . exporting table WWV_MIG_OLB_OLT_VISUALATTRBUTE
. . exporting table         WWV_MIG_OLB_OLT_WINDOW
. . exporting table        WWV_MIG_OLB_PROGRAMUNIT
. . exporting table      WWV_MIG_OLB_PROPERTYCLASS
. . exporting table     WWV_MIG_OLB_T_TP_GG_CPDTXT
. . exporting table  WWV_MIG_OLB_T_TP_GG_CT_TXTSGT
. . exporting table    WWV_MIG_OLB_T_TP_GGG_CPDTXT
. . exporting table WWV_MIG_OLB_T_TP_GGG_CT_TXTSGT
. . exporting table   WWV_MIG_OLB_T_TP_GGGG_CPDTXT
. . exporting table WWV_MIG_OLB_T_TP_GGGG_CT_TXSGT
. . exporting table  WWV_MIG_OLB_T_TP_GGGGG_CPDTXT
. . exporting table WWV_MIG_OLB_T_TP_GGGGG_CT_TXST
. . exporting table WWV_MIG_OLB_T_TP_GGGG_GRAPHICS
. . exporting table  WWV_MIG_OLB_T_TP_GGG_GRAPHICS
. . exporting table   WWV_MIG_OLB_T_TP_GG_GRAPHICS
. . exporting table    WWV_MIG_OLB_T_TP_G_GRAPHICS
. . exporting table    WWV_MIG_OLB_VISUALATTRIBUTE
. . exporting table             WWV_MIG_OLB_WINDOW
. . exporting table             WWV_MIG_PLSQL_LIBS
EXP-00107: Feature (BINARY XML) of column XML_CONTENT in table APEX_040000.WWV_MIG_PLSQL_LIBS is not supported. The table will not be exported.
. . exporting table     WWV_MIG_PROJECT_COMPONENTS
. . exporting table               WWV_MIG_PROJECTS
. . exporting table       WWV_MIG_PROJECT_TRIGGERS
. . exporting table                 WWV_MIG_REPORT
. . exporting table         WWV_MIG_RESERVED_WORDS
. . exporting table            WWV_MIG_REV_APEXAPP
. . exporting table              WWV_MIG_REV_FORMS
. . exporting table            WWV_MIG_REV_QUERIES
. . exporting table            WWV_MIG_REV_REPORTS
. . exporting table             WWV_MIG_REV_TABLES
. . exporting table               WWV_MIG_RPT_DATA
. . exporting table            WWV_MIG_RPT_DATASRC
. . exporting table        WWV_MIG_RPT_DATASRC_GRP
. . exporting table     WWV_MIG_RPT_DATASRC_SELECT
. . exporting table       WWV_MIG_RPT_DATA_SUMMARY
. . exporting table       WWV_MIG_RPT_GRP_DATAITEM
. . exporting table  WWV_MIG_RPT_GRP_DATAITEM_DESC
. . exporting table  WWV_MIG_RPT_GRP_DATAITEM_PRIV
. . exporting table          WWV_MIG_RPT_GRP_FIELD
. . exporting table         WWV_MIG_RPT_GRP_FILTER
. . exporting table        WWV_MIG_RPT_GRP_FORMULA
. . exporting table       WWV_MIG_RPT_GRP_ROWDELIM
. . exporting table        WWV_MIG_RPT_GRP_SUMMARY
. . exporting table      WWV_MIG_RPT_REPORTPRIVATE
. . exporting table                   WWV_MIG_RPTS
EXP-00107: Feature (BINARY XML) of column XML_CONTENT in table APEX_040000.WWV_MIG_RPTS is not supported. The table will not be exported.
. . exporting table     WWV_MIG_RPT_XMLTAGTABLEMAP
. . exporting table            WWV_PURGE_DATAFILES
. . exporting table               WWV_PURGE_EMAILS
. . exporting table                  WWV_PURGE_LOG
. . exporting table              WWV_PURGE_SCHEMAS
. . exporting table  WWV_PURGE_WORKSPACE_RESPONSES
. . exporting table           WWV_PURGE_WORKSPACES
. about to export ANA's tables via Conventional Path ...
. . exporting table                      EMPLEADOS
. about to export JUAN's tables via Conventional Path ...
. . exporting table                       MASCOTAS
. about to export HR2's tables via Conventional Path ...
. . exporting table                      COUNTRIES
. . exporting table                    DEPARTMENTS
. . exporting table                      EMPLOYEES
. . exporting table                    JOB_HISTORY
. . exporting table                           JOBS
. . exporting table                      LOCATIONS
. . exporting table                        REGIONS
. exporting synonyms
. exporting views
. exporting referential integrity constraints
. exporting stored procedures
. exporting operators
. exporting indextypes
. exporting bitmap, functional and extensible indexes
. exporting posttables actions
. exporting triggers
. exporting materialized views
. exporting snapshot logs
. exporting job queues
. exporting refresh groups and children
. exporting dimensions
. exporting post-schema procedural objects and actions
. exporting user history table
. exporting default and system auditing options
. exporting statistics
Export terminated successfully with warnings.
